[15:05:40] - __main__ - [INFO]: Clicks Bot#6534 is connected to the following guild:
RezURekted(id: 553962191305572404)
[15:05:40] - __main__ - [INFO]: Clicks Bot#6534 is connected to the following guild:
Bot Test(id: 771473004323667970)
[15:06:02] - __main__ - [INFO]: Deleted 'adjsflkajsdlfja' from bot-testing by Cuz_Im_Clicks
[15:08:04] - __main__ - [INFO]: Clicks Bot#6534 is connected to the following guild:
RezURekted(id: 553962191305572404)
[15:08:04] - __main__ - [INFO]: Clicks Bot#6534 is connected to the following guild:
Bot Test(id: 771473004323667970)
[15:14:15] - __live_coding__ - [INFO]: Clicks Bot#6534 is connected to the following guild:
RezURekted(id: 553962191305572404)
[15:14:15] - __live_coding__ - [INFO]: Clicks Bot#6534 is connected to the following guild:
Bot Test(id: 771473004323667970)
[15:14:51] - __live_coding__ - [INFO]: Clicks Bot#6534 is connected to the following guild:
RezURekted(id: 553962191305572404)
[15:14:51] - __live_coding__ - [INFO]: Clicks Bot#6534 is connected to the following guild:
Bot Test(id: 771473004323667970)
[15:25:02] - __live_coding__ - [INFO]: Clicks Bot#6534 is connected to the following guild:
RezURekted(id: 553962191305572404)
[15:25:02] - __live_coding__ - [INFO]: Clicks Bot#6534 is connected to the following guild:
Bot Test(id: 771473004323667970)
[15:28:50] - __live_coding__ - [INFO]: Clicks Bot#6534 is connected to the following guild:
RezURekted(id: 553962191305572404)
[15:28:50] - __live_coding__ - [INFO]: Clicks Bot#6534 is connected to the following guild:
Bot Test(id: 771473004323667970)
[15:29:03] - __main__ - [INFO]: Clicks Bot#6534 is connected to the following guild:
RezURekted(id: 553962191305572404)
[15:29:03] - __main__ - [INFO]: Clicks Bot#6534 is connected to the following guild:
Bot Test(id: 771473004323667970)
[15:29:13] - __live_coding__ - [INFO]: Clicks Bot#6534 is connected to the following guild:
RezURekted(id: 553962191305572404)
[15:29:13] - __live_coding__ - [INFO]: Clicks Bot#6534 is connected to the following guild:
Bot Test(id: 771473004323667970)
[15:29:45] - __live_coding__ - [INFO]: Clicks Bot#6534 is connected to the following guild:
RezURekted(id: 553962191305572404)
[15:29:45] - __live_coding__ - [INFO]: Clicks Bot#6534 is connected to the following guild:
Bot Test(id: 771473004323667970)
[15:29:54] - __live_coding__ - [INFO]: Clicks Bot#6534 is connected to the following guild:
RezURekted(id: 553962191305572404)
[15:29:54] - __live_coding__ - [INFO]: Clicks Bot#6534 is connected to the following guild:
Bot Test(id: 771473004323667970)
[15:32:07] - __live_coding__ - [INFO]: Clicks Bot#6534 is connected to the following guild:
RezURekted(id: 553962191305572404)
[15:32:07] - __live_coding__ - [INFO]: Clicks Bot#6534 is connected to the following guild:
Bot Test(id: 771473004323667970)
[15:32:13] - __main__ - [INFO]: Clicks Bot#6534 is connected to the following guild:
RezURekted(id: 553962191305572404)
[15:32:13] - __main__ - [INFO]: Clicks Bot#6534 is connected to the following guild:
Bot Test(id: 771473004323667970)
[15:33:13] - __live_coding__ - [INFO]: Clicks Bot#6534 is connected to the following guild:
RezURekted(id: 553962191305572404)
[15:33:13] - __live_coding__ - [INFO]: Clicks Bot#6534 is connected to the following guild:
Bot Test(id: 771473004323667970)
[15:33:24] - __main__ - [INFO]: Clicks Bot#6534 is connected to the following guild:
RezURekted(id: 553962191305572404)
[15:33:24] - __main__ - [INFO]: Clicks Bot#6534 is connected to the following guild:
Bot Test(id: 771473004323667970)
[15:33:50] - __live_coding__ - [INFO]: Clicks Bot#6534 is connected to the following guild:
RezURekted(id: 553962191305572404)
[15:33:50] - __live_coding__ - [INFO]: Clicks Bot#6534 is connected to the following guild:
Bot Test(id: 771473004323667970)
[15:34:02] - __live_coding__ - [INFO]: Clicks Bot#6534 is connected to the following guild:
RezURekted(id: 553962191305572404)
[15:34:02] - __live_coding__ - [INFO]: Clicks Bot#6534 is connected to the following guild:
Bot Test(id: 771473004323667970)
[15:34:12] - __main__ - [INFO]: Clicks Bot#6534 is connected to the following guild:
RezURekted(id: 553962191305572404)
[15:34:12] - __main__ - [INFO]: Clicks Bot#6534 is connected to the following guild:
Bot Test(id: 771473004323667970)
[15:35:37] - __main__ - [INFO]: Clicks Bot#6534 is connected to the following guild:
RezURekted(id: 553962191305572404)
[15:35:37] - __main__ - [INFO]: Clicks Bot#6534 is connected to the following guild:
Bot Test(id: 771473004323667970)
[15:35:48] - __live_coding__ - [INFO]: Clicks Bot#6534 is connected to the following guild:
RezURekted(id: 553962191305572404)
[15:35:48] - __live_coding__ - [INFO]: Clicks Bot#6534 is connected to the following guild:
Bot Test(id: 771473004323667970)
[15:36:23] - __live_coding__ - [INFO]: Clicks Bot#6534 is connected to the following guild:
RezURekted(id: 553962191305572404)
[15:36:23] - __live_coding__ - [INFO]: Clicks Bot#6534 is connected to the following guild:
Bot Test(id: 771473004323667970)
[15:38:14] - __live_coding__ - [INFO]: Clicks Bot#6534 is connected to the following guild:
RezURekted(id: 553962191305572404)
[15:38:14] - __live_coding__ - [INFO]: Clicks Bot#6534 is connected to the following guild:
Bot Test(id: 771473004323667970)
[15:38:21] - __main__ - [INFO]: Clicks Bot#6534 is connected to the following guild:
RezURekted(id: 553962191305572404)
[15:38:21] - __main__ - [INFO]: Clicks Bot#6534 is connected to the following guild:
Bot Test(id: 771473004323667970)
[15:39:00] - __live_coding__ - [INFO]: Clicks Bot#6534 is connected to the following guild:
RezURekted(id: 553962191305572404)
[15:39:00] - __live_coding__ - [INFO]: Clicks Bot#6534 is connected to the following guild:
Bot Test(id: 771473004323667970)
[15:39:14] - __live_coding__ - [INFO]: Clicks Bot#6534 is connected to the following guild:
RezURekted(id: 553962191305572404)
[15:39:14] - __live_coding__ - [INFO]: Clicks Bot#6534 is connected to the following guild:
Bot Test(id: 771473004323667970)
[15:39:25] - __main__ - [INFO]: Clicks Bot#6534 is connected to the following guild:
RezURekted(id: 553962191305572404)
[15:39:25] - __main__ - [INFO]: Clicks Bot#6534 is connected to the following guild:
Bot Test(id: 771473004323667970)
[15:40:24] - __main__ - [INFO]: Clicks Bot#6534 is connected to the following guild:
RezURekted(id: 553962191305572404)
[15:40:24] - __main__ - [INFO]: Clicks Bot#6534 is connected to the following guild:
Bot Test(id: 771473004323667970)
